c:\hlocal\cocacola\ig2\proyectosogrevc15x86\ig2app\x64\debug\vc141.pdb
c:\hlocal\cocacola\ig2\proyectosogrevc15x86\ig2app\x64\debug\vc141.idb
c:\hlocal\cocacola\ig2\proyectosogrevc15x86\ig2app\x64\debug\toy.obj
c:\hlocal\cocacola\ig2\proyectosogrevc15x86\ig2app\x64\debug\sinbad.obj
c:\hlocal\cocacola\ig2\proyectosogrevc15x86\ig2app\x64\debug\plano.obj
c:\hlocal\cocacola\ig2\proyectosogrevc15x86\ig2app\x64\debug\ig2app.obj
c:\hlocal\cocacola\ig2\proyectosogrevc15x86\ig2app\x64\debug\ig2main.obj
c:\hlocal\cocacola\ig2\proyectosogrevc15x86\ig2app\x64\debug\ig2applicationcontext.obj
c:\hlocal\cocacola\ig2\proyectosogrevc15x86\ig2app\x64\debug\bomb.obj
c:\hlocal\ig2\ig2\proyectosogrevc15x86\ig2app\x64\debug\vc141.pdb
c:\hlocal\ig2\ig2\proyectosogrevc15x86\ig2app\x64\debug\vc141.idb
c:\hlocal\ig2\ig2\proyectosogrevc15x86\ig2app\x64\debug\toy.obj
c:\hlocal\ig2\ig2\proyectosogrevc15x86\ig2app\x64\debug\sinbad.obj
c:\hlocal\ig2\ig2\proyectosogrevc15x86\ig2app\x64\debug\plano.obj
c:\hlocal\ig2\ig2\proyectosogrevc15x86\ig2app\x64\debug\ig2main.obj
c:\hlocal\ig2\ig2\proyectosogrevc15x86\ig2app\x64\debug\ig2applicationcontext.obj
c:\hlocal\ig2\ig2\proyectosogrevc15x86\ig2app\x64\debug\ig2app.obj
c:\hlocal\ig2\ig2\proyectosogrevc15x86\ig2app\x64\debug\bomb.obj
c:\hlocal\ig2\ig2\proyectosogrevc15x86\ig2app\x64\debug\git config .tlog\cl.command.1.tlog
c:\hlocal\ig2\ig2\proyectosogrevc15x86\ig2app\x64\debug\git config .tlog\cl.read.1.tlog
c:\hlocal\ig2\ig2\proyectosogrevc15x86\ig2app\x64\debug\git config .tlog\cl.write.1.tlog
c:\hlocal\ig2\ig2\proyectosogrevc15x86\ig2app\x64\debug\git config .tlog\link.command.1.tlog
c:\hlocal\ig2\ig2\proyectosogrevc15x86\ig2app\x64\debug\git config .tlog\link.read.1.tlog
c:\hlocal\ig2\ig2\proyectosogrevc15x86\ig2app\x64\debug\git config .tlog\link.write.1.tlog
