c:\hlocal\ig2\ig2\proyectosogrevc15x86\ig2app\x64\debug\vc141.pdb
c:\hlocal\ig2\ig2\proyectosogrevc15x86\ig2app\x64\debug\vc141.idb
c:\hlocal\ig2\ig2\proyectosogrevc15x86\ig2app\x64\debug\toy.obj
c:\hlocal\ig2\ig2\proyectosogrevc15x86\ig2app\x64\debug\sinbad.obj
c:\hlocal\ig2\ig2\proyectosogrevc15x86\ig2app\x64\debug\plano.obj
c:\hlocal\ig2\ig2\proyectosogrevc15x86\ig2app\x64\debug\ig2app.obj
c:\hlocal\ig2\ig2\proyectosogrevc15x86\ig2app\x64\debug\ig2main.obj
c:\hlocal\ig2\ig2\proyectosogrevc15x86\ig2app\x64\debug\ig2applicationcontext.obj
d:\documentos\ucm\ig2\reflejos\ig2\proyectosogrevc15x86\ig2app\x64\debug\ig2app.obj
d:\documentos\ucm\ig2\reflejos\ig2\proyectosogrevc15x86\ig2app\x64\debug\ig2applicationcontext.obj
d:\documentos\ucm\ig2\reflejos\ig2\proyectosogrevc15x86\ig2app\x64\debug\ig2main.obj
d:\documentos\ucm\ig2\reflejos\ig2\proyectosogrevc15x86\ig2app\x64\debug\plano.obj
d:\documentos\ucm\ig2\reflejos\ig2\proyectosogrevc15x86\ig2app\x64\debug\sinbad.obj
d:\documentos\ucm\ig2\reflejos\ig2\proyectosogrevc15x86\ig2app\x64\debug\toy.obj
d:\documentos\ucm\ig2\reflejos\ig2\proyectosogrevc15x86\ig2app\x64\debug\vc141.idb
d:\documentos\ucm\ig2\reflejos\ig2\proyectosogrevc15x86\ig2app\x64\debug\vc141.pdb
d:\documentos\ucm\ig2\reflejos\ig2\proyectosogrevc15x86\ig2app\x64\debug\ig2app.tlog\cl.command.1.tlog
d:\documentos\ucm\ig2\reflejos\ig2\proyectosogrevc15x86\ig2app\x64\debug\ig2app.tlog\cl.read.1.tlog
d:\documentos\ucm\ig2\reflejos\ig2\proyectosogrevc15x86\ig2app\x64\debug\ig2app.tlog\cl.write.1.tlog
d:\documentos\ucm\ig2\reflejos\ig2\proyectosogrevc15x86\ig2app\x64\debug\ig2app.tlog\link.command.1.tlog
d:\documentos\ucm\ig2\reflejos\ig2\proyectosogrevc15x86\ig2app\x64\debug\ig2app.tlog\link.read.1.tlog
d:\documentos\ucm\ig2\reflejos\ig2\proyectosogrevc15x86\ig2app\x64\debug\ig2app.tlog\link.write.1.tlog
